{"F:\\projects\\cvb-server\\server.js": {"path":"F:\\projects\\cvb-server\\server.js","statementMap":{"0":{"start":{"line":10,"column":0},"end":{"line":10,"column":16}},"1":{"start":{"line":12,"column":12},"end":{"line":12,"column":21}},"2":{"start":{"line":13,"column":13},"end":{"line":13,"column":37}},"3":{"start":{"line":15,"column":0},"end":{"line":20,"column":2}},"4":{"start":{"line":22,"column":0},"end":{"line":22,"column":24}},"5":{"start":{"line":25,"column":0},"end":{"line":25,"column":20}},"6":{"start":{"line":27,"column":0},"end":{"line":27,"column":33}},"7":{"start":{"line":28,"column":0},"end":{"line":28,"column":37}},"8":{"start":{"line":29,"column":0},"end":{"line":29,"column":29}},"9":{"start":{"line":31,"column":0},"end":{"line":36,"column":1}},"10":{"start":{"line":32,"column":2},"end":{"line":32,"column":14}},"11":{"start":{"line":33,"column":2},"end":{"line":35,"column":5}},"12":{"start":{"line":34,"column":4},"end":{"line":34,"column":52}}},"fnMap":{"0":{"name":"(anonymous_0)","decl":{"start":{"line":33,"column":30},"end":{"line":33,"column":31}},"loc":{"start":{"line":33,"column":36},"end":{"line":35,"column":3}},"line":33}},"branchMap":{"0":{"loc":{"start":{"line":13,"column":13},"end":{"line":13,"column":37}},"type":"binary-expr","locations":[{"start":{"line":13,"column":13},"end":{"line":13,"column":29}},{"start":{"line":13,"column":33},"end":{"line":13,"column":37}}],"line":13},"1":{"loc":{"start":{"line":31,"column":0},"end":{"line":36,"column":1}},"type":"if","locations":[{"start":{"line":31,"column":0},"end":{"line":36,"column":1}},{"start":{},"end":{}}],"line":31}},"s":{"0":1,"1":1,"2":1,"3":1,"4":1,"5":1,"6":1,"7":1,"8":1,"9":1,"10":0,"11":0,"12":0},"f":{"0":0},"b":{"0":[1,0],"1":[0,1]},"_coverageSchema":"1a1c01bbd47fc00a2c39e90264f33305004495a9","hash":"eb473b9dfc0409a5940016a81abdbad1f628cb32"}
,"F:\\projects\\cvb-server\\config\\ai.js": {"path":"F:\\projects\\cvb-server\\config\\ai.js","statementMap":{"0":{"start":{"line":5,"column":0},"end":{"line":5,"column":15}},"1":{"start":{"line":7,"column":11},"end":{"line":10,"column":2}}},"fnMap":{},"branchMap":{"0":{"loc":{"start":{"line":8,"column":10},"end":{"line":8,"column":42}},"type":"binary-expr","locations":[{"start":{"line":8,"column":10},"end":{"line":8,"column":36}},{"start":{"line":8,"column":40},"end":{"line":8,"column":42}}],"line":8},"1":{"loc":{"start":{"line":9,"column":11},"end":{"line":9,"column":69}},"type":"binary-expr","locations":[{"start":{"line":9,"column":11},"end":{"line":9,"column":38}},{"start":{"line":9,"column":42},"end":{"line":9,"column":69}}],"line":9}},"s":{"0":1,"1":1},"f":{},"b":{"0":[1,0],"1":[1,0]},"_coverageSchema":"1a1c01bbd47fc00a2c39e90264f33305004495a9","hash":"a086dee2213a3d58c6f504e6f0b70d9155555a76"}
,"F:\\projects\\cvb-server\\config\\data.js": {"path":"F:\\projects\\cvb-server\\config\\data.js","statementMap":{"0":{"start":{"line":3,"column":18},"end":{"line":13,"column":1}},"1":{"start":{"line":4,"column":4},"end":{"line":12,"column":5}},"2":{"start":{"line":5,"column":21},"end":{"line":5,"column":66}},"3":{"start":{"line":6,"column":8},"end":{"line":8,"column":9}},"4":{"start":{"line":7,"column":12},"end":{"line":7,"column":70}},"5":{"start":{"line":10,"column":8},"end":{"line":10,"column":27}},"6":{"start":{"line":11,"column":8},"end":{"line":11,"column":24}}},"fnMap":{"0":{"name":"(anonymous_0)","decl":{"start":{"line":3,"column":18},"end":{"line":3,"column":19}},"loc":{"start":{"line":3,"column":30},"end":{"line":13,"column":1}},"line":3}},"branchMap":{"0":{"loc":{"start":{"line":6,"column":8},"end":{"line":8,"column":9}},"type":"if","locations":[{"start":{"line":6,"column":8},"end":{"line":8,"column":9}},{"start":{},"end":{}}],"line":6}},"s":{"0":1,"1":1,"2":1,"3":1,"4":1,"5":0,"6":0},"f":{"0":1},"b":{"0":[1,0]},"_coverageSchema":"1a1c01bbd47fc00a2c39e90264f33305004495a9","hash":"ae6bc838a6274cf68ef8e2a8c0274b6a9d1d72a3"}
,"F:\\projects\\cvb-server\\controllers\\aiContoller.js": {"path":"F:\\projects\\cvb-server\\controllers\\aiContoller.js","statementMap":{"0":{"start":{"line":4,"column":35},"end":{"line":27,"column":1}},"1":{"start":{"line":5,"column":22},"end":{"line":5,"column":30}},"2":{"start":{"line":6,"column":2},"end":{"line":6,"column":23}},"3":{"start":{"line":8,"column":19},"end":{"line":21,"column":4}},"4":{"start":{"line":23,"column":2},"end":{"line":26,"column":5}},"5":{"start":{"line":29,"column":30},"end":{"line":53,"column":1}},"6":{"start":{"line":30,"column":29},"end":{"line":30,"column":37}},"7":{"start":{"line":34,"column":19},"end":{"line":47,"column":4}},"8":{"start":{"line":49,"column":2},"end":{"line":52,"column":5}},"9":{"start":{"line":55,"column":17},"end":{"line":128,"column":1}},"10":{"start":{"line":56,"column":26},"end":{"line":56,"column":34}},"11":{"start":{"line":57,"column":17},"end":{"line":57,"column":27}},"12":{"start":{"line":58,"column":2},"end":{"line":60,"column":3}},"13":{"start":{"line":59,"column":4},"end":{"line":59,"column":63}},"14":{"start":{"line":62,"column":2},"end":{"line":127,"column":3}},"15":{"start":{"line":63,"column":21},"end":{"line":116,"column":6}},"16":{"start":{"line":117,"column":26},"end":{"line":117,"column":61}},"17":{"start":{"line":118,"column":23},"end":{"line":118,"column":48}},"18":{"start":{"line":119,"column":4},"end":{"line":119,"column":28}},"19":{"start":{"line":120,"column":22},"end":{"line":120,"column":77}},"20":{"start":{"line":121,"column":4},"end":{"line":124,"column":7}},"21":{"start":{"line":126,"column":4},"end":{"line":126,"column":53}}},"fnMap":{"0":{"name":"(anonymous_0)","decl":{"start":{"line":4,"column":35},"end":{"line":4,"column":36}},"loc":{"start":{"line":4,"column":55},"end":{"line":27,"column":1}},"line":4},"1":{"name":"(anonymous_1)","decl":{"start":{"line":29,"column":30},"end":{"line":29,"column":31}},"loc":{"start":{"line":29,"column":50},"end":{"line":53,"column":1}},"line":29},"2":{"name":"(anonymous_2)","decl":{"start":{"line":55,"column":17},"end":{"line":55,"column":18}},"loc":{"start":{"line":55,"column":37},"end":{"line":128,"column":1}},"line":55}},"branchMap":{"0":{"loc":{"start":{"line":58,"column":2},"end":{"line":60,"column":3}},"type":"if","locations":[{"start":{"line":58,"column":2},"end":{"line":60,"column":3}},{"start":{},"end":{}}],"line":58},"1":{"loc":{"start":{"line":58,"column":5},"end":{"line":58,"column":30}},"type":"binary-expr","locations":[{"start":{"line":58,"column":5},"end":{"line":58,"column":12}},{"start":{"line":58,"column":16},"end":{"line":58,"column":30}}],"line":58}},"s":{"0":1,"1":0,"2":0,"3":0,"4":0,"5":1,"6":0,"7":0,"8":0,"9":1,"10":0,"11":0,"12":0,"13":0,"14":0,"15":0,"16":0,"17":0,"18":0,"19":0,"20":0,"21":0},"f":{"0":0,"1":0,"2":0},"b":{"0":[0,0],"1":[0,0]},"_coverageSchema":"1a1c01bbd47fc00a2c39e90264f33305004495a9","hash":"880276cbd3820c73a172c797bbab1460bc87f3d4"}
,"F:\\projects\\cvb-server\\controllers\\resumeController.js": {"path":"F:\\projects\\cvb-server\\controllers\\resumeController.js","statementMap":{"0":{"start":{"line":3,"column":29},"end":{"line":37,"column":1}},"1":{"start":{"line":4,"column":24},"end":{"line":16,"column":3}},"2":{"start":{"line":18,"column":2},"end":{"line":24,"column":3}},"3":{"start":{"line":23,"column":4},"end":{"line":23,"column":16}},"4":{"start":{"line":26,"column":20},"end":{"line":26,"column":22}},"5":{"start":{"line":27,"column":2},"end":{"line":34,"column":3}},"6":{"start":{"line":28,"column":4},"end":{"line":30,"column":5}},"7":{"start":{"line":29,"column":6},"end":{"line":29,"column":15}},"8":{"start":{"line":31,"column":4},"end":{"line":33,"column":5}},"9":{"start":{"line":32,"column":6},"end":{"line":32,"column":39}},"10":{"start":{"line":36,"column":2},"end":{"line":36,"column":19}},"11":{"start":{"line":40,"column":21},"end":{"line":51,"column":1}},"12":{"start":{"line":41,"column":17},"end":{"line":41,"column":27}},"13":{"start":{"line":42,"column":20},"end":{"line":42,"column":28}},"14":{"start":{"line":44,"column":17},"end":{"line":44,"column":64}},"15":{"start":{"line":45,"column":2},"end":{"line":49,"column":3}},"16":{"start":{"line":46,"column":4},"end":{"line":48,"column":64}},"17":{"start":{"line":50,"column":2},"end":{"line":50,"column":65}},"18":{"start":{"line":53,"column":21},"end":{"line":70,"column":1}},"19":{"start":{"line":54,"column":2},"end":{"line":69,"column":3}},"20":{"start":{"line":55,"column":19},"end":{"line":55,"column":29}},"21":{"start":{"line":56,"column":25},"end":{"line":56,"column":33}},"22":{"start":{"line":58,"column":19},"end":{"line":61,"column":6}},"23":{"start":{"line":62,"column":4},"end":{"line":66,"column":5}},"24":{"start":{"line":63,"column":6},"end":{"line":65,"column":66}},"25":{"start":{"line":68,"column":4},"end":{"line":68,"column":60}},"26":{"start":{"line":72,"column":19},"end":{"line":81,"column":1}},"27":{"start":{"line":73,"column":17},"end":{"line":73,"column":27}},"28":{"start":{"line":74,"column":23},"end":{"line":74,"column":33}},"29":{"start":{"line":75,"column":2},"end":{"line":80,"column":3}},"30":{"start":{"line":76,"column":19},"end":{"line":76,"column":50}},"31":{"start":{"line":77,"column":4},"end":{"line":77,"column":77}},"32":{"start":{"line":79,"column":4},"end":{"line":79,"column":60}},"33":{"start":{"line":83,"column":21},"end":{"line":103,"column":1}},"34":{"start":{"line":84,"column":17},"end":{"line":84,"column":27}},"35":{"start":{"line":85,"column":35},"end":{"line":85,"column":43}},"36":{"start":{"line":87,"column":25},"end":{"line":87,"column":57}},"37":{"start":{"line":88,"column":2},"end":{"line":90,"column":3}},"38":{"start":{"line":89,"column":4},"end":{"line":89,"column":78}},"39":{"start":{"line":92,"column":17},"end":{"line":96,"column":3}},"40":{"start":{"line":97,"column":2},"end":{"line":101,"column":3}},"41":{"start":{"line":98,"column":4},"end":{"line":100,"column":64}},"42":{"start":{"line":102,"column":2},"end":{"line":102,"column":65}}},"fnMap":{"0":{"name":"(anonymous_0)","decl":{"start":{"line":3,"column":29},"end":{"line":3,"column":30}},"loc":{"start":{"line":3,"column":45},"end":{"line":37,"column":1}},"line":3},"1":{"name":"(anonymous_1)","decl":{"start":{"line":40,"column":21},"end":{"line":40,"column":22}},"loc":{"start":{"line":40,"column":41},"end":{"line":51,"column":1}},"line":40},"2":{"name":"(anonymous_2)","decl":{"start":{"line":53,"column":21},"end":{"line":53,"column":22}},"loc":{"start":{"line":53,"column":41},"end":{"line":70,"column":1}},"line":53},"3":{"name":"(anonymous_3)","decl":{"start":{"line":72,"column":19},"end":{"line":72,"column":20}},"loc":{"start":{"line":72,"column":39},"end":{"line":81,"column":1}},"line":72},"4":{"name":"(anonymous_4)","decl":{"start":{"line":83,"column":21},"end":{"line":83,"column":22}},"loc":{"start":{"line":83,"column":41},"end":{"line":103,"column":1}},"line":83}},"branchMap":{"0":{"loc":{"start":{"line":18,"column":2},"end":{"line":24,"column":3}},"type":"if","locations":[{"start":{"line":18,"column":2},"end":{"line":24,"column":3}},{"start":{},"end":{}}],"line":18},"1":{"loc":{"start":{"line":19,"column":4},"end":{"line":21,"column":29}},"type":"binary-expr","locations":[{"start":{"line":19,"column":4},"end":{"line":19,"column":15}},{"start":{"line":20,"column":4},"end":{"line":20,"column":34}},{"start":{"line":21,"column":4},"end":{"line":21,"column":29}}],"line":19},"2":{"loc":{"start":{"line":28,"column":4},"end":{"line":30,"column":5}},"type":"if","locations":[{"start":{"line":28,"column":4},"end":{"line":30,"column":5}},{"start":{},"end":{}}],"line":28},"3":{"loc":{"start":{"line":28,"column":8},"end":{"line":28,"column":48}},"type":"binary-expr","locations":[{"start":{"line":28,"column":8},"end":{"line":28,"column":27}},{"start":{"line":28,"column":31},"end":{"line":28,"column":48}}],"line":28},"4":{"loc":{"start":{"line":31,"column":4},"end":{"line":33,"column":5}},"type":"if","locations":[{"start":{"line":31,"column":4},"end":{"line":33,"column":5}},{"start":{},"end":{}}],"line":31},"5":{"loc":{"start":{"line":45,"column":2},"end":{"line":49,"column":3}},"type":"if","locations":[{"start":{"line":45,"column":2},"end":{"line":49,"column":3}},{"start":{},"end":{}}],"line":45},"6":{"loc":{"start":{"line":62,"column":4},"end":{"line":66,"column":5}},"type":"if","locations":[{"start":{"line":62,"column":4},"end":{"line":66,"column":5}},{"start":{},"end":{}}],"line":62},"7":{"loc":{"start":{"line":88,"column":2},"end":{"line":90,"column":3}},"type":"if","locations":[{"start":{"line":88,"column":2},"end":{"line":90,"column":3}},{"start":{},"end":{}}],"line":88},"8":{"loc":{"start":{"line":88,"column":6},"end":{"line":88,"column":65}},"type":"binary-expr","locations":[{"start":{"line":88,"column":6},"end":{"line":88,"column":21}},{"start":{"line":88,"column":25},"end":{"line":88,"column":65}}],"line":88},"9":{"loc":{"start":{"line":97,"column":2},"end":{"line":101,"column":3}},"type":"if","locations":[{"start":{"line":97,"column":2},"end":{"line":101,"column":3}},{"start":{},"end":{}}],"line":97}},"s":{"0":1,"1":0,"2":0,"3":0,"4":0,"5":0,"6":0,"7":0,"8":0,"9":0,"10":0,"11":1,"12":0,"13":0,"14":0,"15":0,"16":0,"17":0,"18":1,"19":0,"20":0,"21":0,"22":0,"23":0,"24":0,"25":0,"26":1,"27":0,"28":0,"29":0,"30":0,"31":0,"32":0,"33":1,"34":0,"35":0,"36":0,"37":0,"38":0,"39":0,"40":0,"41":0,"42":0},"f":{"0":0,"1":0,"2":0,"3":0,"4":0},"b":{"0":[0,0],"1":[0,0,0],"2":[0,0],"3":[0,0],"4":[0,0],"5":[0,0],"6":[0,0],"7":[0,0],"8":[0,0],"9":[0,0]},"_coverageSchema":"1a1c01bbd47fc00a2c39e90264f33305004495a9","hash":"74b8e6d8dd1ba4b4f59b430161bf7d28bfc0624f"}
,"F:\\projects\\cvb-server\\controllers\\userController.js": {"path":"F:\\projects\\cvb-server\\controllers\\userController.js","statementMap":{"0":{"start":{"line":6,"column":22},"end":{"line":9,"column":1}},"1":{"start":{"line":7,"column":16},"end":{"line":7,"column":77}},"2":{"start":{"line":8,"column":2},"end":{"line":8,"column":15}},"3":{"start":{"line":11,"column":21},"end":{"line":38,"column":1}},"4":{"start":{"line":12,"column":36},"end":{"line":12,"column":44}},"5":{"start":{"line":13,"column":2},"end":{"line":15,"column":3}},"6":{"start":{"line":14,"column":4},"end":{"line":14,"column":75}},"7":{"start":{"line":17,"column":21},"end":{"line":17,"column":66}},"8":{"start":{"line":18,"column":2},"end":{"line":20,"column":3}},"9":{"start":{"line":19,"column":4},"end":{"line":19,"column":68}},"10":{"start":{"line":22,"column":25},"end":{"line":22,"column":55}},"11":{"start":{"line":24,"column":15},"end":{"line":28,"column":4}},"12":{"start":{"line":29,"column":2},"end":{"line":36,"column":3}},"13":{"start":{"line":30,"column":27},"end":{"line":30,"column":50}},"14":{"start":{"line":31,"column":4},"end":{"line":35,"column":7}},"15":{"start":{"line":37,"column":2},"end":{"line":37,"column":63}},"16":{"start":{"line":41,"column":18},"end":{"line":52,"column":1}},"17":{"start":{"line":42,"column":30},"end":{"line":42,"column":38}},"18":{"start":{"line":43,"column":2},"end":{"line":45,"column":3}},"19":{"start":{"line":44,"column":4},"end":{"line":44,"column":75}},"20":{"start":{"line":46,"column":15},"end":{"line":46,"column":60}},"21":{"start":{"line":47,"column":2},"end":{"line":50,"column":3}},"22":{"start":{"line":48,"column":18},"end":{"line":48,"column":41}},"23":{"start":{"line":49,"column":4},"end":{"line":49,"column":78}},"24":{"start":{"line":51,"column":2},"end":{"line":51,"column":72}},"25":{"start":{"line":55,"column":22},"end":{"line":63,"column":1}},"26":{"start":{"line":56,"column":17},"end":{"line":56,"column":27}},"27":{"start":{"line":57,"column":2},"end":{"line":62,"column":3}},"28":{"start":{"line":58,"column":19},"end":{"line":58,"column":57}},"29":{"start":{"line":59,"column":4},"end":{"line":59,"column":77}},"30":{"start":{"line":61,"column":4},"end":{"line":61,"column":65}}},"fnMap":{"0":{"name":"(anonymous_0)","decl":{"start":{"line":6,"column":22},"end":{"line":6,"column":23}},"loc":{"start":{"line":6,"column":30},"end":{"line":9,"column":1}},"line":6},"1":{"name":"(anonymous_1)","decl":{"start":{"line":11,"column":21},"end":{"line":11,"column":22}},"loc":{"start":{"line":11,"column":41},"end":{"line":38,"column":1}},"line":11},"2":{"name":"(anonymous_2)","decl":{"start":{"line":41,"column":18},"end":{"line":41,"column":19}},"loc":{"start":{"line":41,"column":38},"end":{"line":52,"column":1}},"line":41},"3":{"name":"(anonymous_3)","decl":{"start":{"line":55,"column":22},"end":{"line":55,"column":23}},"loc":{"start":{"line":55,"column":42},"end":{"line":63,"column":1}},"line":55}},"branchMap":{"0":{"loc":{"start":{"line":13,"column":2},"end":{"line":15,"column":3}},"type":"if","locations":[{"start":{"line":13,"column":2},"end":{"line":15,"column":3}},{"start":{},"end":{}}],"line":13},"1":{"loc":{"start":{"line":13,"column":6},"end":{"line":13,"column":34}},"type":"binary-expr","locations":[{"start":{"line":13,"column":6},"end":{"line":13,"column":11}},{"start":{"line":13,"column":15},"end":{"line":13,"column":21}},{"start":{"line":13,"column":25},"end":{"line":13,"column":34}}],"line":13},"2":{"loc":{"start":{"line":18,"column":2},"end":{"line":20,"column":3}},"type":"if","locations":[{"start":{"line":18,"column":2},"end":{"line":20,"column":3}},{"start":{},"end":{}}],"line":18},"3":{"loc":{"start":{"line":29,"column":2},"end":{"line":36,"column":3}},"type":"if","locations":[{"start":{"line":29,"column":2},"end":{"line":36,"column":3}},{"start":{},"end":{}}],"line":29},"4":{"loc":{"start":{"line":43,"column":2},"end":{"line":45,"column":3}},"type":"if","locations":[{"start":{"line":43,"column":2},"end":{"line":45,"column":3}},{"start":{},"end":{}}],"line":43},"5":{"loc":{"start":{"line":43,"column":6},"end":{"line":43,"column":25}},"type":"binary-expr","locations":[{"start":{"line":43,"column":6},"end":{"line":43,"column":12}},{"start":{"line":43,"column":16},"end":{"line":43,"column":25}}],"line":43},"6":{"loc":{"start":{"line":47,"column":2},"end":{"line":50,"column":3}},"type":"if","locations":[{"start":{"line":47,"column":2},"end":{"line":50,"column":3}},{"start":{},"end":{}}],"line":47},"7":{"loc":{"start":{"line":47,"column":6},"end":{"line":47,"column":61}},"type":"binary-expr","locations":[{"start":{"line":47,"column":6},"end":{"line":47,"column":10}},{"start":{"line":47,"column":15},"end":{"line":47,"column":60}}],"line":47}},"s":{"0":1,"1":2,"2":2,"3":1,"4":2,"5":2,"6":0,"7":2,"8":2,"9":1,"10":1,"11":1,"12":1,"13":1,"14":1,"15":0,"16":1,"17":1,"18":1,"19":0,"20":1,"21":1,"22":1,"23":1,"24":0,"25":1,"26":1,"27":1,"28":1,"29":1,"30":0},"f":{"0":2,"1":2,"2":1,"3":1},"b":{"0":[0,2],"1":[2,2,2],"2":[1,1],"3":[1,0],"4":[0,1],"5":[1,1],"6":[1,0],"7":[1,1]},"_coverageSchema":"1a1c01bbd47fc00a2c39e90264f33305004495a9","hash":"f6bb0fc8053a311ba81bb5309ff1b9cbe88f2f6e"}
,"F:\\projects\\cvb-server\\middlewares\\auth.js": {"path":"F:\\projects\\cvb-server\\middlewares\\auth.js","statementMap":{"0":{"start":{"line":4,"column":0},"end":{"line":4,"column":15}},"1":{"start":{"line":5,"column":20},"end":{"line":17,"column":1}},"2":{"start":{"line":6,"column":16},"end":{"line":6,"column":41}},"3":{"start":{"line":7,"column":2},"end":{"line":9,"column":3}},"4":{"start":{"line":8,"column":4},"end":{"line":8,"column":61}},"5":{"start":{"line":10,"column":2},"end":{"line":16,"column":3}},"6":{"start":{"line":11,"column":20},"end":{"line":11,"column":61}},"7":{"start":{"line":12,"column":4},"end":{"line":12,"column":28}},"8":{"start":{"line":13,"column":4},"end":{"line":13,"column":11}},"9":{"start":{"line":15,"column":4},"end":{"line":15,"column":60}}},"fnMap":{"0":{"name":"(anonymous_0)","decl":{"start":{"line":5,"column":20},"end":{"line":5,"column":21}},"loc":{"start":{"line":5,"column":46},"end":{"line":17,"column":1}},"line":5}},"branchMap":{"0":{"loc":{"start":{"line":7,"column":2},"end":{"line":9,"column":3}},"type":"if","locations":[{"start":{"line":7,"column":2},"end":{"line":9,"column":3}},{"start":{},"end":{}}],"line":7}},"s":{"0":1,"1":1,"2":1,"3":1,"4":0,"5":1,"6":1,"7":1,"8":1,"9":0},"f":{"0":1},"b":{"0":[0,1]},"_coverageSchema":"1a1c01bbd47fc00a2c39e90264f33305004495a9","hash":"3f4fdd3bbb1e07ef4d3a0f133766e0b6167376f3"}
,"F:\\projects\\cvb-server\\middlewares\\rateLimit.js": {"path":"F:\\projects\\cvb-server\\middlewares\\rateLimit.js","statementMap":{"0":{"start":{"line":3,"column":19},"end":{"line":9,"column":2}}},"fnMap":{},"branchMap":{},"s":{"0":1},"f":{},"b":{},"_coverageSchema":"1a1c01bbd47fc00a2c39e90264f33305004495a9","hash":"8f0389688c6bb0ba63292ba01f6803210e6e8d7f"}
,"F:\\projects\\cvb-server\\models\\resume.js": {"path":"F:\\projects\\cvb-server\\models\\resume.js","statementMap":{"0":{"start":{"line":3,"column":18},"end":{"line":3,"column":45}},"1":{"start":{"line":5,"column":21},"end":{"line":110,"column":1}},"2":{"start":{"line":29,"column":28},"end":{"line":29,"column":70}},"3":{"start":{"line":30,"column":30},"end":{"line":30,"column":67}},"4":{"start":{"line":37,"column":28},"end":{"line":37,"column":67}},"5":{"start":{"line":38,"column":30},"end":{"line":38,"column":74}},"6":{"start":{"line":47,"column":12},"end":{"line":47,"column":76}},"7":{"start":{"line":48,"column":30},"end":{"line":48,"column":69}},"8":{"start":{"line":62,"column":30},"end":{"line":62,"column":53}},"9":{"start":{"line":63,"column":32},"end":{"line":63,"column":68}},"10":{"start":{"line":69,"column":30},"end":{"line":69,"column":53}},"11":{"start":{"line":70,"column":32},"end":{"line":70,"column":68}},"12":{"start":{"line":85,"column":30},"end":{"line":85,"column":53}},"13":{"start":{"line":86,"column":32},"end":{"line":86,"column":68}},"14":{"start":{"line":92,"column":30},"end":{"line":92,"column":61}},"15":{"start":{"line":93,"column":32},"end":{"line":93,"column":67}},"16":{"start":{"line":112,"column":15},"end":{"line":112,"column":53}}},"fnMap":{"0":{"name":"(anonymous_0)","decl":{"start":{"line":29,"column":21},"end":{"line":29,"column":22}},"loc":{"start":{"line":29,"column":28},"end":{"line":29,"column":70}},"line":29},"1":{"name":"(anonymous_1)","decl":{"start":{"line":30,"column":19},"end":{"line":30,"column":20}},"loc":{"start":{"line":30,"column":30},"end":{"line":30,"column":67}},"line":30},"2":{"name":"(anonymous_2)","decl":{"start":{"line":37,"column":21},"end":{"line":37,"column":22}},"loc":{"start":{"line":37,"column":28},"end":{"line":37,"column":67}},"line":37},"3":{"name":"(anonymous_3)","decl":{"start":{"line":38,"column":19},"end":{"line":38,"column":20}},"loc":{"start":{"line":38,"column":30},"end":{"line":38,"column":74}},"line":38},"4":{"name":"(anonymous_4)","decl":{"start":{"line":46,"column":21},"end":{"line":46,"column":22}},"loc":{"start":{"line":47,"column":12},"end":{"line":47,"column":76}},"line":47},"5":{"name":"(anonymous_5)","decl":{"start":{"line":48,"column":19},"end":{"line":48,"column":20}},"loc":{"start":{"line":48,"column":30},"end":{"line":48,"column":69}},"line":48},"6":{"name":"(anonymous_6)","decl":{"start":{"line":62,"column":23},"end":{"line":62,"column":24}},"loc":{"start":{"line":62,"column":30},"end":{"line":62,"column":53}},"line":62},"7":{"name":"(anonymous_7)","decl":{"start":{"line":63,"column":21},"end":{"line":63,"column":22}},"loc":{"start":{"line":63,"column":32},"end":{"line":63,"column":68}},"line":63},"8":{"name":"(anonymous_8)","decl":{"start":{"line":69,"column":23},"end":{"line":69,"column":24}},"loc":{"start":{"line":69,"column":30},"end":{"line":69,"column":53}},"line":69},"9":{"name":"(anonymous_9)","decl":{"start":{"line":70,"column":21},"end":{"line":70,"column":22}},"loc":{"start":{"line":70,"column":32},"end":{"line":70,"column":68}},"line":70},"10":{"name":"(anonymous_10)","decl":{"start":{"line":85,"column":23},"end":{"line":85,"column":24}},"loc":{"start":{"line":85,"column":30},"end":{"line":85,"column":53}},"line":85},"11":{"name":"(anonymous_11)","decl":{"start":{"line":86,"column":21},"end":{"line":86,"column":22}},"loc":{"start":{"line":86,"column":32},"end":{"line":86,"column":68}},"line":86},"12":{"name":"(anonymous_12)","decl":{"start":{"line":92,"column":23},"end":{"line":92,"column":24}},"loc":{"start":{"line":92,"column":30},"end":{"line":92,"column":61}},"line":92},"13":{"name":"(anonymous_13)","decl":{"start":{"line":93,"column":21},"end":{"line":93,"column":22}},"loc":{"start":{"line":93,"column":32},"end":{"line":93,"column":67}},"line":93}},"branchMap":{"0":{"loc":{"start":{"line":29,"column":28},"end":{"line":29,"column":70}},"type":"binary-expr","locations":[{"start":{"line":29,"column":28},"end":{"line":29,"column":30}},{"start":{"line":29,"column":34},"end":{"line":29,"column":70}}],"line":29},"1":{"loc":{"start":{"line":37,"column":28},"end":{"line":37,"column":67}},"type":"binary-expr","locations":[{"start":{"line":37,"column":28},"end":{"line":37,"column":30}},{"start":{"line":37,"column":34},"end":{"line":37,"column":67}}],"line":37},"2":{"loc":{"start":{"line":47,"column":12},"end":{"line":47,"column":76}},"type":"binary-expr","locations":[{"start":{"line":47,"column":12},"end":{"line":47,"column":14}},{"start":{"line":47,"column":18},"end":{"line":47,"column":76}}],"line":47},"3":{"loc":{"start":{"line":62,"column":30},"end":{"line":62,"column":53}},"type":"binary-expr","locations":[{"start":{"line":62,"column":30},"end":{"line":62,"column":32}},{"start":{"line":62,"column":36},"end":{"line":62,"column":53}}],"line":62},"4":{"loc":{"start":{"line":69,"column":30},"end":{"line":69,"column":53}},"type":"binary-expr","locations":[{"start":{"line":69,"column":30},"end":{"line":69,"column":32}},{"start":{"line":69,"column":36},"end":{"line":69,"column":53}}],"line":69},"5":{"loc":{"start":{"line":85,"column":30},"end":{"line":85,"column":53}},"type":"binary-expr","locations":[{"start":{"line":85,"column":30},"end":{"line":85,"column":32}},{"start":{"line":85,"column":36},"end":{"line":85,"column":53}}],"line":85},"6":{"loc":{"start":{"line":92,"column":30},"end":{"line":92,"column":61}},"type":"binary-expr","locations":[{"start":{"line":92,"column":30},"end":{"line":92,"column":32}},{"start":{"line":92,"column":36},"end":{"line":92,"column":61}}],"line":92}},"s":{"0":1,"1":1,"2":0,"3":0,"4":0,"5":0,"6":0,"7":0,"8":0,"9":0,"10":0,"11":0,"12":0,"13":0,"14":0,"15":0,"16":1},"f":{"0":0,"1":0,"2":0,"3":0,"4":0,"5":0,"6":0,"7":0,"8":0,"9":0,"10":0,"11":0,"12":0,"13":0},"b":{"0":[0,0],"1":[0,0],"2":[0,0],"3":[0,0],"4":[0,0],"5":[0,0],"6":[0,0]},"_coverageSchema":"1a1c01bbd47fc00a2c39e90264f33305004495a9","hash":"2b6d702760287dacf2599a529ba5e12343abb4ab"}
,"F:\\projects\\cvb-server\\models\\user.js": {"path":"F:\\projects\\cvb-server\\models\\user.js","statementMap":{"0":{"start":{"line":3,"column":19},"end":{"line":27,"column":1}},"1":{"start":{"line":29,"column":13},"end":{"line":29,"column":47}}},"fnMap":{},"branchMap":{},"s":{"0":1,"1":1},"f":{},"b":{},"_coverageSchema":"1a1c01bbd47fc00a2c39e90264f33305004495a9","hash":"9e367ec4c44d5564098f8dbd9b1c63bb89126f3d"}
,"F:\\projects\\cvb-server\\routes\\aiRoute.js": {"path":"F:\\projects\\cvb-server\\routes\\aiRoute.js","statementMap":{"0":{"start":{"line":6,"column":17},"end":{"line":6,"column":33}},"1":{"start":{"line":8,"column":0},"end":{"line":8,"column":75}},"2":{"start":{"line":9,"column":0},"end":{"line":9,"column":65}},"3":{"start":{"line":10,"column":0},"end":{"line":10,"column":51}}},"fnMap":{},"branchMap":{},"s":{"0":1,"1":1,"2":1,"3":1},"f":{},"b":{},"_coverageSchema":"1a1c01bbd47fc00a2c39e90264f33305004495a9","hash":"be964fa2effa78347c7fafa07413b4584f3817a6"}
,"F:\\projects\\cvb-server\\routes\\resumeRoute.js": {"path":"F:\\projects\\cvb-server\\routes\\resumeRoute.js","statementMap":{"0":{"start":{"line":6,"column":21},"end":{"line":6,"column":37}},"1":{"start":{"line":8,"column":0},"end":{"line":8,"column":56}},"2":{"start":{"line":9,"column":0},"end":{"line":9,"column":55}},"3":{"start":{"line":10,"column":0},"end":{"line":10,"column":55}},"4":{"start":{"line":11,"column":0},"end":{"line":11,"column":61}}},"fnMap":{},"branchMap":{},"s":{"0":1,"1":1,"2":1,"3":1,"4":1},"f":{},"b":{},"_coverageSchema":"1a1c01bbd47fc00a2c39e90264f33305004495a9","hash":"4308fcd507073b5138693312412f58ea0ed10dbc"}
,"F:\\projects\\cvb-server\\routes\\userRoute.js": {"path":"F:\\projects\\cvb-server\\routes\\userRoute.js","statementMap":{"0":{"start":{"line":6,"column":19},"end":{"line":6,"column":35}},"1":{"start":{"line":8,"column":0},"end":{"line":8,"column":41}},"2":{"start":{"line":9,"column":0},"end":{"line":9,"column":37}},"3":{"start":{"line":10,"column":0},"end":{"line":10,"column":52}}},"fnMap":{},"branchMap":{},"s":{"0":1,"1":1,"2":1,"3":1},"f":{},"b":{},"_coverageSchema":"1a1c01bbd47fc00a2c39e90264f33305004495a9","hash":"ab311ea9c25d8ed003b324262b1c02b1efbdcdfa"}
}
